<?xml version="1.0" encoding="UTF-8"?>
<testsuite name="apitests.tests.SearchHotelsApiTests" tests="1" skipped="0" failures="0" errors="0" timestamp="2017-09-10T20:44:25" hostname="npa-MS-7996" time="3.244">
  <properties/>
  <testcase name="testSearchHotels[0](Москва, Россия, 0, 1, 2017-09-25, 2017-09-30)" classname="apitests.tests.SearchHotelsApiTests" time="3.244"/>
  <system-out><![CDATA[]]></system-out>
  <system-err><![CDATA[]]></system-err>
</testsuite>
